node:fs:442
    return binding.readFileUtf8(path, stringToFlags(options.flag));
                   ^

Error: ENOENT: no such file or directory, open './ids.txt'
    at Module.readFileSync (node:fs:442:20)
    at <anonymous> (/root/taskBot/spam.ts:11:17)
    at ModuleJob.run (node:internal/modules/esm/module_job:274:25)
    at async onImport.tracePromise.__proto__ (node:internal/modules/esm/loader:644:26)
    at async asyncRunEntryPointWithESMLoader (node:internal/modules/run_main:116:5) {
  errno: -2,
  code: 'ENOENT',
  syscall: 'open',
  path: './ids.txt'
}

Node.js v22.15.0
Total IDs: 131303
✅ Sent to 7015854133
✅ Sent to 7015854133
✅ Sent to 6273715396
✅ Sent to 7015854133
✅ Sent to 7015854133
✅ Sent to 7015854133
✅ Sent to 7015854133
✅ Sent to 7015854133
✅ Sent to 7015854133
✅ Sent to 7015854133
✅ Sent to 7015854133
✅ Sent to 7015854133
✅ Sent to 7015854133
✅ Sent to 229127099
✅ Sent to 1651369283
✅ Sent to 6366853910
✅ Sent to 6721640808
✅ Sent to 7765399719
✅ Sent to 2127834220
✅ Sent to 7419230312
✅ Chunk done. Total success: 20
✅ Sent to 1291860365
✅ Sent to 7661389996
❌ Failed for 6811211334: Call to 'sendMessage' failed! (403: Forbidden: bot was blocked by the user)
✅ Sent to 7690975687
❌ Failed for 7519149356: Call to 'sendMessage' failed! (403: Forbidden: user is deactivated)
✅ Sent to 6271497934
✅ Sent to 6981566725
✅ Sent to 7432929910
✅ Sent to 348234631
✅ Sent to 7272330417
❌ Failed for 5880971220: Call to 'sendMessage' failed! (403: Forbidden: bot was blocked by the user)
✅ Sent to 5178907084
❌ Failed for 1413099629: Call to 'sendMessage' failed! (403: Forbidden: bot was blocked by the user)
✅ Sent to 8083488461
✅ Sent to 6165875956
✅ Sent to 7554475602
✅ Sent to 7297402538
✅ Sent to 1172125183
✅ Sent to 1288309035
✅ Sent to 1389524077
✅ Chunk done. Total success: 36
❌ Failed for 1349407727: Call to 'sendMessage' failed! (403: Forbidden: bot was blocked by the user)
✅ Sent to 1678644496
✅ Sent to 1736304862
✅ Sent to 1622851617
✅ Sent to 1839958062
✅ Sent to 1846135247
✅ Sent to 1233452372
✅ Sent to 1873614228
✅ Sent to 1866713076
❌ Failed for 1946755366: Call to 'sendMessage' failed! (403: Forbidden: bot was blocked by the user)
✅ Sent to 1956720663
✅ Sent to 2067796295
✅ Sent to 2031890976
✅ Sent to 1937651261
✅ Sent to 2090358735
❌ Failed for 1839783103: Call to 'sendMessage' failed! (403: Forbidden: user is deactivated)
✅ Sent to 2094754202
✅ Sent to 1946236114
✅ Sent to 1221067284
❌ Failed for 5039572095: Call to 'sendMessage' failed! (403: Forbidden: bot was blocked by the user)
✅ Chunk done. Total success: 52
❌ Failed for 5034907475: Call to 'sendMessage' failed! (403: Forbidden: bot was blocked by the user)
✅ Sent to 5030517104
❌ Failed for 5076500309: Call to 'sendMessage' failed! (403: Forbidden: bot was blocked by the user)
❌ Failed for 5090415533: Call to 'sendMessage' failed! (403: Forbidden: user is deactivated)
✅ Sent to 5089645277
✅ Sent to 1195631543
❌ Failed for 5115897692: Call to 'sendMessage' failed! (403: Forbidden: bot was blocked by the user)
❌ Failed for 5124362219: Call to 'sendMessage' failed! (403: Forbidden: bot was blocked by the user)
✅ Sent to 1704143097
✅ Sent to 5120914079
✅ Sent to 5046087256
✅ Sent to 5234131363
❌ Failed for 5275300793: Call to 'sendMessage' failed! (403: Forbidden: bot was blocked by the user)
❌ Failed for 5213517659: Call to 'sendMessage' failed! (403: Forbidden: bot was blocked by the user)
✅ Sent to 1824354082
❌ Failed for 5288848457: Call to 'sendMessage' failed! (403: Forbidden: bot was blocked by the user)
❌ Failed for 1541216456: Call to 'sendMessage' failed! (403: Forbidden: bot was blocked by the user)
❌ Failed for 1624879780: Call to 'sendMessage' failed! (403: Forbidden: bot was blocked by the user)
✅ Sent to 5182551112
❌ Failed for 1042731864: Call to 'sendMessage' failed! (403: Forbidden: bot was blocked by the user)
✅ Chunk done. Total success: 61
✅ Sent to 5436236069
❌ Failed for 5423850212: Call to 'sendMessage' failed! (403: Forbidden: bot was blocked by the user)
❌ Failed for 1956594783: Call to 'sendMessage' failed! (403: Forbidden: bot was blocked by the user)
✅ Sent to 5472743038
✅ Sent to 5479188382
❌ Failed for 5503487741: Call to 'sendMessage' failed! (403: Forbidden: bot was blocked by the user)
❌ Failed for 1317186349: Call to 'sendMessage' failed! (403: Forbidden: bot was blocked by the user)
✅ Sent to 5578804810
✅ Sent to 5168647489
❌ Failed for 5557986796: Call to 'sendMessage' failed! (403: Forbidden: bot was blocked by the user)
✅ Sent to 5620487014
✅ Sent to 5611565199
❌ Failed for 5417256856: Call to 'sendMessage' failed! (403: Forbidden: bot was blocked by the user)
✅ Sent to 5649395783
✅ Sent to 5690166154
❌ Failed for 5679903983: Call to 'sendMessage' failed! (403: Forbidden: bot was blocked by the user)
✅ Sent to 5601347417
✅ Sent to 2050264598
❌ Failed for 5839310081: Call to 'sendMessage' failed! (403: Forbidden: bot was blocked by the user)
❌ Failed for 5171851419: Call to 'sendMessage' failed! (403: Forbidden: bot was blocked by the user)
✅ Chunk done. Total success: 72
❌ Failed for 5570550783: Call to 'sendMessage' failed! (403: Forbidden: bot was blocked by the user)
✅ Sent to 5313525315
✅ Sent to 5775295973
❌ Failed for 5483707079: Call to 'sendMessage' failed! (403: Forbidden: bot was blocked by the user)
✅ Sent to 5749884702
✅ Sent to 5908008228
❌ Failed for 5006747625: Call to 'sendMessage' failed! (403: Forbidden: bot was blocked by the user)
✅ Sent to 5706891658
✅ Sent to 5861078920
✅ Sent to 6104794891
✅ Sent to 6085189540
✅ Sent to 6132926368
✅ Sent to 6195064588
✅ Sent to 6238600594
✅ Sent to 6211294997
✅ Sent to 5917240820
✅ Sent to 6292583381
✅ Sent to 6305961077
❌ Failed for 6289469573: Call to 'sendMessage' failed! (403: Forbidden: bot was blocked by the user)
✅ Sent to 1412183184
✅ Chunk done. Total success: 88
✅ Sent to 6094043092
✅ Sent to 6005862242
❌ Failed for 5591894634: Call to 'sendMessage' failed! (403: Forbidden: bot was blocked by the user)
❌ Failed for 5435176001: Call to 'sendMessage' failed! (403: Forbidden: bot was blocked by the user)
✅ Sent to 6074342272
✅ Sent to 6330003315
✅ Sent to 5400697345
✅ Sent to 6159072783
❌ Failed for 6444231213: Call to 'sendMessage' failed! (403: Forbidden: bot was blocked by the user)
❌ Failed for 5834245417: Call to 'sendMessage' failed! (403: Forbidden: bot was blocked by the user)
❌ Failed for 6140444172: Call to 'sendMessage' failed! (403: Forbidden: bot was blocked by the user)
✅ Sent to 6474748536
❌ Failed for 5924557506: Call to 'sendMessage' failed! (403: Forbidden: bot was blocked by the user)
✅ Sent to 5176605667
❌ Failed for 1454322406: Call to 'sendMessage' failed! (403: Forbidden: bot was blocked by the user)
✅ Sent to 6268894994
❌ Failed for 5244076414: Call to 'sendMessage' failed! (403: Forbidden: bot was blocked by the user)
✅ Sent to 6655085384
✅ Sent to 5885264592
✅ Sent to 6731848103
✅ Chunk done. Total success: 100
✅ Sent to 5035629088
✅ Sent to 6757589577
❌ Failed for 6172071698: Call to 'sendMessage' failed! (403: Forbidden: bot was blocked by the user)
❌ Failed for 6034210393: Call to 'sendMessage' failed! (403: Forbidden: bot was blocked by the user)
✅ Sent to 2032863415
✅ Sent to 1478812507
✅ Sent to 6786789938
✅ Sent to 6785765948
✅ Sent to 6795884719
❌ Failed for 6803125927: Call to 'sendMessage' failed! (403: Forbidden: bot was blocked by the user)
✅ Sent to 6802636407
✅ Sent to 6117983213
✅ Sent to 6847367830
❌ Failed for 6263844034: Call to 'sendMessage' failed! (403: Forbidden: bot was blocked by the user)
✅ Sent to 6855311889
✅ Sent to 5810281305
✅ Sent to 6847820558
✅ Sent to 6541008075
❌ Failed for 6933333255: Call to 'sendMessage' failed! (403: Forbidden: user is deactivated)
✅ Sent to 6874755834
✅ Chunk done. Total success: 115
✅ Sent to 6932768122
✅ Sent to 6685671358
✅ Sent to 6848006110
✅ Sent to 6959001900
✅ Sent to 6049194812
✅ Sent to 6711162713
✅ Sent to 6956712253
❌ Failed for 5572820698: Call to 'sendMessage' failed! (403: Forbidden: bot was blocked by the user)
❌ Failed for 7903665607: Call to 'sendMessage' failed! (403: Forbidden: user is deactivated)
❌ Failed for 6923058476: Call to 'sendMessage' failed! (403: Forbidden: bot was blocked by the user)
❌ Failed for 5971492370: Call to 'sendMessage' failed! (403: Forbidden: bot was blocked by the user)
❌ Failed for 7050967831: Call to 'sendMessage' failed! (403: Forbidden: user is deactivated)
✅ Sent to 5213530802
✅ Sent to 6966380412
❌ Failed for 7082503481: Call to 'sendMessage' failed! (403: Forbidden: user is deactivated)
❌ Failed for 7160020332: Call to 'sendMessage' failed! (403: Forbidden: bot was blocked by the user)
✅ Sent to 6182173256
❌ Failed for 7142384561: Call to 'sendMessage' failed! (403: Forbidden: bot was blocked by the user)
❌ Failed for 7163131915: Call to 'sendMessage' failed! (403: Forbidden: bot was blocked by the user)
✅ Sent to 5582989351
✅ Chunk done. Total success: 126
✅ Sent to 6995690505
❌ Failed for 7291691106: Call to 'sendMessage' failed! (403: Forbidden: bot was blocked by the user)
❌ Failed for 6000510450: Call to 'sendMessage' failed! (403: Forbidden: bot was blocked by the user)
✅ Sent to 6989477444
✅ Sent to 6697610818
❌ Failed for 6399241870: Call to 'sendMessage' failed! (403: Forbidden: bot was blocked by the user)
✅ Sent to 5156938348
❌ Failed for 7372510138: Call to 'sendMessage' failed! (403: Forbidden: bot was blocked by the user)
✅ Sent to 5877090052
✅ Sent to 1617504182
❌ Failed for 7414783992: Call to 'sendMessage' failed! (403: Forbidden: user is deactivated)
❌ Failed for 5513438146: Call to 'sendMessage' failed! (403: Forbidden: bot was blocked by the user)
❌ Failed for 7427344367: Call to 'sendMessage' failed! (403: Forbidden: bot was blocked by the user)
✅ Sent to 7438277409
❌ Failed for 7054128912: Call to 'sendMessage' failed! (403: Forbidden: bot was blocked by the user)
✅ Sent to 6566987220
✅ Sent to 7208948645
❌ Failed for 6889580225: Call to 'sendMessage' failed! (403: Forbidden: bot was blocked by the user)
✅ Sent to 7501062717
❌ Failed for 6288706552: Call to 'sendMessage' failed! (403: Forbidden: bot was blocked by the user)
✅ Chunk done. Total success: 136
✅ Sent to 7591234860
❌ Failed for 6365497035: Call to 'sendMessage' failed! (403: Forbidden: bot was blocked by the user)
✅ Sent to 7499975982
✅ Sent to 7608600286
✅ Sent to 6236292123
✅ Sent to 7636190501
❌ Failed for 7638176372: Call to 'sendMessage' failed! (403: Forbidden: user is deactivated)
✅ Sent to 6405771695
✅ Sent to 7702499664
❌ Failed for 7695455896: Call to 'sendMessage' failed! (403: Forbidden: user is deactivated)
✅ Sent to 7616860217
❌ Failed for 6630364978: Call to 'sendMessage' failed! (403: Forbidden: bot was blocked by the user)
✅ Sent to 7614819350
❌ Failed for 5797331087: Call to 'sendMessage' failed! (403: Forbidden: user is deactivated)
❌ Failed for 5920923925: Call to 'sendMessage' failed! (403: Forbidden: bot was blocked by the user)
✅ Sent to 7779023396
✅ Sent to 7662905792
✅ Sent to 5187689844
❌ Failed for 6212197559: Call to 'sendMessage' failed! (403: Forbidden: bot was blocked by the user)
✅ Sent to 7722013840
✅ Chunk done. Total success: 149
✅ Sent to 7503129916
❌ Failed for 7090382134: Call to 'sendMessage' failed! (403: Forbidden: bot was blocked by the user)
❌ Failed for 6847626609: Call to 'sendMessage' failed! (403: Forbidden: bot was blocked by the user)
❌ Failed for 7794636218: Call to 'sendMessage' failed! (403: Forbidden: bot was blocked by the user)
✅ Sent to 7885987101
✅ Sent to 7898341511
❌ Failed for 7740482376: Call to 'sendMessage' failed! (403: Forbidden: bot was blocked by the user)
✅ Sent to 7876311690
✅ Sent to 7378989313
✅ Sent to 7359484685
✅ Sent to 7924672388
✅ Sent to 7966480457
❌ Failed for 7831604620: Call to 'sendMessage' failed! (403: Forbidden: bot was blocked by the user)
❌ Failed for 8011079985: Call to 'sendMessage' failed! (403: Forbidden: bot was blocked by the user)
❌ Failed for 7933966269: Call to 'sendMessage' failed! (403: Forbidden: bot was blocked by the user)
✅ Sent to 7973175758
✅ Sent to 6613734823
❌ Failed for 8192744351: Call to 'sendMessage' failed! (403: Forbidden: bot was blocked by the user)
❌ Failed for 8167942125: Call to 'sendMessage' failed! (403: Forbidden: user is deactivated)
❌ Failed for 6918449687: Call to 'sendMessage' failed! (403: Forbidden: bot was blocked by the user)
✅ Chunk done. Total success: 159
Total IDs: 131303
✅ Sent to 7015854133
✅ Sent to 7015854133
✅ Sent to 6273715396
✅ Sent to 7015854133
✅ Sent to 7015854133
✅ Sent to 7015854133
✅ Sent to 7015854133
✅ Sent to 7015854133
✅ Sent to 7015854133
✅ Sent to 7015854133
✅ Sent to 7015854133
✅ Sent to 7015854133
✅ Sent to 7015854133
✅ Sent to 229127099
✅ Sent to 1651369283
✅ Sent to 6366853910
✅ Sent to 6721640808
✅ Sent to 7765399719
✅ Sent to 2127834220
✅ Sent to 7419230312
✅ Chunk done. Total success: 20
Total IDs: 131303
✅ Sent to 7015854133
✅ Sent to 7015854133
✅ Sent to 6273715396
✅ Sent to 7015854133
✅ Sent to 7015854133
✅ Sent to 7015854133
✅ Sent to 7015854133
✅ Sent to 7015854133
✅ Sent to 7015854133
✅ Sent to 7015854133
✅ Sent to 7015854133
✅ Sent to 7015854133
✅ Sent to 7015854133
✅ Sent to 229127099
✅ Sent to 1651369283
✅ Sent to 6366853910
✅ Sent to 6721640808
✅ Sent to 7765399719
✅ Sent to 2127834220
✅ Sent to 7419230312
✅ Chunk done. Total success: 20
✅ Sent to 1291860365
✅ Sent to 7661389996
❌ Failed for 6811211334: Call to 'sendMessage' failed! (403: Forbidden: bot was blocked by the user)
✅ Sent to 7690975687
❌ Failed for 7519149356: Call to 'sendMessage' failed! (403: Forbidden: user is deactivated)
✅ Sent to 6271497934
✅ Sent to 6981566725
✅ Sent to 7432929910
✅ Sent to 348234631
✅ Sent to 7272330417
❌ Failed for 5880971220: Call to 'sendMessage' failed! (403: Forbidden: bot was blocked by the user)
✅ Sent to 5178907084
❌ Failed for 1413099629: Call to 'sendMessage' failed! (403: Forbidden: bot was blocked by the user)
✅ Sent to 8083488461
✅ Sent to 6165875956
✅ Sent to 7554475602
✅ Sent to 7297402538
✅ Sent to 1172125183
✅ Sent to 1288309035
✅ Sent to 1389524077
✅ Chunk done. Total success: 36
Total IDs: 131291
✅ Sent to 6273715396
✅ Sent to 229127099
✅ Sent to 1651369283
✅ Sent to 6366853910
✅ Sent to 6721640808
✅ Sent to 7765399719
✅ Sent to 2127834220
✅ Sent to 7419230312
✅ Sent to 1291860365
✅ Sent to 7661389996
❌ Failed for 6811211334: Call to 'sendMessage' failed! (403: Forbidden: bot was blocked by the user)
✅ Sent to 7690975687
❌ Failed for 7519149356: Call to 'sendMessage' failed! (403: Forbidden: user is deactivated)
✅ Sent to 6271497934
✅ Sent to 6981566725
✅ Sent to 7432929910
✅ Sent to 348234631
✅ Sent to 7272330417
❌ Failed for 5880971220: Call to 'sendMessage' failed! (403: Forbidden: bot was blocked by the user)
✅ Sent to 5178907084
✅ Chunk done. Total success: 17
❌ Failed for 1413099629: Call to 'sendMessage' failed! (403: Forbidden: bot was blocked by the user)
✅ Sent to 8083488461
✅ Sent to 6165875956
✅ Sent to 7554475602
✅ Sent to 7297402538
✅ Sent to 1172125183
✅ Sent to 1288309035
✅ Sent to 1389524077
❌ Failed for 1349407727: Call to 'sendMessage' failed! (403: Forbidden: bot was blocked by the user)
✅ Sent to 1678644496
✅ Sent to 1736304862
✅ Sent to 1622851617
✅ Sent to 1839958062
✅ Sent to 1846135247
✅ Sent to 1233452372
✅ Sent to 1873614228
✅ Sent to 1866713076
❌ Failed for 1946755366: Call to 'sendMessage' failed! (403: Forbidden: bot was blocked by the user)
✅ Sent to 1956720663
✅ Sent to 2067796295
✅ Chunk done. Total success: 34
✅ Sent to 2031890976
✅ Sent to 1937651261
✅ Sent to 2090358735
❌ Failed for 1839783103: Call to 'sendMessage' failed! (403: Forbidden: user is deactivated)
✅ Sent to 2094754202
✅ Sent to 1946236114
✅ Sent to 1221067284
❌ Failed for 5039572095: Call to 'sendMessage' failed! (403: Forbidden: bot was blocked by the user)
❌ Failed for 5034907475: Call to 'sendMessage' failed! (403: Forbidden: bot was blocked by the user)
✅ Sent to 5030517104
❌ Failed for 5076500309: Call to 'sendMessage' failed! (403: Forbidden: bot was blocked by the user)
❌ Failed for 5090415533: Call to 'sendMessage' failed! (403: Forbidden: user is deactivated)
✅ Sent to 5089645277
✅ Sent to 1195631543
❌ Failed for 5115897692: Call to 'sendMessage' failed! (403: Forbidden: bot was blocked by the user)
❌ Failed for 5124362219: Call to 'sendMessage' failed! (403: Forbidden: bot was blocked by the user)
✅ Sent to 1704143097
✅ Sent to 5120914079
✅ Sent to 5046087256
✅ Sent to 5234131363
✅ Chunk done. Total success: 47
❌ Failed for 5275300793: Call to 'sendMessage' failed! (403: Forbidden: bot was blocked by the user)
❌ Failed for 5213517659: Call to 'sendMessage' failed! (403: Forbidden: bot was blocked by the user)
✅ Sent to 1824354082
❌ Failed for 5288848457: Call to 'sendMessage' failed! (403: Forbidden: bot was blocked by the user)
❌ Failed for 1541216456: Call to 'sendMessage' failed! (403: Forbidden: bot was blocked by the user)
❌ Failed for 1624879780: Call to 'sendMessage' failed! (403: Forbidden: bot was blocked by the user)
✅ Sent to 5182551112
❌ Failed for 1042731864: Call to 'sendMessage' failed! (403: Forbidden: bot was blocked by the user)
✅ Sent to 5436236069
❌ Failed for 5423850212: Call to 'sendMessage' failed! (403: Forbidden: bot was blocked by the user)
❌ Failed for 1956594783: Call to 'sendMessage' failed! (403: Forbidden: bot was blocked by the user)
✅ Sent to 5472743038
✅ Sent to 5479188382
❌ Failed for 5503487741: Call to 'sendMessage' failed! (403: Forbidden: bot was blocked by the user)
❌ Failed for 1317186349: Call to 'sendMessage' failed! (403: Forbidden: bot was blocked by the user)
✅ Sent to 5578804810
✅ Sent to 5168647489
❌ Failed for 5557986796: Call to 'sendMessage' failed! (403: Forbidden: bot was blocked by the user)
✅ Sent to 5620487014
✅ Sent to 5611565199
✅ Chunk done. Total success: 56
❌ Failed for 5417256856: Call to 'sendMessage' failed! (403: Forbidden: bot was blocked by the user)
✅ Sent to 5649395783
✅ Sent to 5690166154
❌ Failed for 5679903983: Call to 'sendMessage' failed! (403: Forbidden: bot was blocked by the user)
✅ Sent to 5601347417
✅ Sent to 2050264598
❌ Failed for 5839310081: Call to 'sendMessage' failed! (403: Forbidden: bot was blocked by the user)
❌ Failed for 5171851419: Call to 'sendMessage' failed! (403: Forbidden: bot was blocked by the user)
❌ Failed for 5570550783: Call to 'sendMessage' failed! (403: Forbidden: bot was blocked by the user)
✅ Sent to 5313525315
✅ Sent to 5775295973
❌ Failed for 5483707079: Call to 'sendMessage' failed! (403: Forbidden: bot was blocked by the user)
✅ Sent to 5749884702
✅ Sent to 5908008228
❌ Failed for 5006747625: Call to 'sendMessage' failed! (403: Forbidden: bot was blocked by the user)
✅ Sent to 5706891658
✅ Sent to 5861078920
✅ Sent to 6104794891
✅ Sent to 6085189540
✅ Sent to 6132926368
✅ Chunk done. Total success: 69
✅ Sent to 6195064588
✅ Sent to 6238600594
✅ Sent to 6211294997
✅ Sent to 5917240820
✅ Sent to 6292583381
✅ Sent to 6305961077
❌ Failed for 6289469573: Call to 'sendMessage' failed! (403: Forbidden: bot was blocked by the user)
✅ Sent to 1412183184
✅ Sent to 6094043092
✅ Sent to 6005862242
❌ Failed for 5591894634: Call to 'sendMessage' failed! (403: Forbidden: bot was blocked by the user)
❌ Failed for 5435176001: Call to 'sendMessage' failed! (403: Forbidden: bot was blocked by the user)
✅ Sent to 6074342272
✅ Sent to 6330003315
✅ Sent to 5400697345
✅ Sent to 6159072783
❌ Failed for 6444231213: Call to 'sendMessage' failed! (403: Forbidden: bot was blocked by the user)
❌ Failed for 5834245417: Call to 'sendMessage' failed! (403: Forbidden: bot was blocked by the user)
❌ Failed for 6140444172: Call to 'sendMessage' failed! (403: Forbidden: bot was blocked by the user)
✅ Sent to 6474748536
✅ Chunk done. Total success: 83
❌ Failed for 5924557506: Call to 'sendMessage' failed! (403: Forbidden: bot was blocked by the user)
✅ Sent to 5176605667
❌ Failed for 1454322406: Call to 'sendMessage' failed! (403: Forbidden: bot was blocked by the user)
✅ Sent to 6268894994
❌ Failed for 5244076414: Call to 'sendMessage' failed! (403: Forbidden: bot was blocked by the user)
✅ Sent to 6655085384
✅ Sent to 5885264592
✅ Sent to 6731848103
✅ Sent to 5035629088
✅ Sent to 6757589577
❌ Failed for 6172071698: Call to 'sendMessage' failed! (403: Forbidden: bot was blocked by the user)
❌ Failed for 6034210393: Call to 'sendMessage' failed! (403: Forbidden: bot was blocked by the user)
✅ Sent to 2032863415
✅ Sent to 1478812507
✅ Sent to 6786789938
✅ Sent to 6785765948
✅ Sent to 6795884719
❌ Failed for 6803125927: Call to 'sendMessage' failed! (403: Forbidden: bot was blocked by the user)
✅ Sent to 6802636407
✅ Sent to 6117983213
✅ Chunk done. Total success: 97
✅ Sent to 6847367830
❌ Failed for 6263844034: Call to 'sendMessage' failed! (403: Forbidden: bot was blocked by the user)
✅ Sent to 6855311889
✅ Sent to 5810281305
✅ Sent to 6847820558
✅ Sent to 6541008075
❌ Failed for 6933333255: Call to 'sendMessage' failed! (403: Forbidden: user is deactivated)
✅ Sent to 6874755834
✅ Sent to 6932768122
✅ Sent to 6685671358
✅ Sent to 6848006110
✅ Sent to 6959001900
✅ Sent to 6049194812
✅ Sent to 6711162713
✅ Sent to 6956712253
❌ Failed for 5572820698: Call to 'sendMessage' failed! (403: Forbidden: bot was blocked by the user)
❌ Failed for 7903665607: Call to 'sendMessage' failed! (403: Forbidden: user is deactivated)
❌ Failed for 6923058476: Call to 'sendMessage' failed! (403: Forbidden: bot was blocked by the user)
❌ Failed for 5971492370: Call to 'sendMessage' failed! (403: Forbidden: bot was blocked by the user)
❌ Failed for 7050967831: Call to 'sendMessage' failed! (403: Forbidden: user is deactivated)
✅ Chunk done. Total success: 110
✅ Sent to 5213530802
✅ Sent to 6966380412
❌ Failed for 7082503481: Call to 'sendMessage' failed! (403: Forbidden: user is deactivated)
❌ Failed for 7160020332: Call to 'sendMessage' failed! (403: Forbidden: bot was blocked by the user)
✅ Sent to 6182173256
❌ Failed for 7142384561: Call to 'sendMessage' failed! (403: Forbidden: bot was blocked by the user)
❌ Failed for 7163131915: Call to 'sendMessage' failed! (403: Forbidden: bot was blocked by the user)
✅ Sent to 5582989351
✅ Sent to 6995690505
❌ Failed for 7291691106: Call to 'sendMessage' failed! (403: Forbidden: bot was blocked by the user)
❌ Failed for 6000510450: Call to 'sendMessage' failed! (403: Forbidden: bot was blocked by the user)
✅ Sent to 6989477444
✅ Sent to 6697610818
❌ Failed for 6399241870: Call to 'sendMessage' failed! (403: Forbidden: bot was blocked by the user)
✅ Sent to 5156938348
❌ Failed for 7372510138: Call to 'sendMessage' failed! (403: Forbidden: bot was blocked by the user)
✅ Sent to 5877090052
✅ Sent to 1617504182
❌ Failed for 7414783992: Call to 'sendMessage' failed! (403: Forbidden: user is deactivated)
❌ Failed for 5513438146: Call to 'sendMessage' failed! (403: Forbidden: bot was blocked by the user)
✅ Chunk done. Total success: 120
❌ Failed for 7427344367: Call to 'sendMessage' failed! (403: Forbidden: bot was blocked by the user)
✅ Sent to 7438277409
❌ Failed for 7054128912: Call to 'sendMessage' failed! (403: Forbidden: bot was blocked by the user)
✅ Sent to 6566987220
✅ Sent to 7208948645
❌ Failed for 6889580225: Call to 'sendMessage' failed! (403: Forbidden: bot was blocked by the user)
✅ Sent to 7501062717
❌ Failed for 6288706552: Call to 'sendMessage' failed! (403: Forbidden: bot was blocked by the user)
✅ Sent to 7591234860
❌ Failed for 6365497035: Call to 'sendMessage' failed! (403: Forbidden: bot was blocked by the user)
✅ Sent to 7499975982
✅ Sent to 7608600286
✅ Sent to 6236292123
✅ Sent to 7636190501
❌ Failed for 7638176372: Call to 'sendMessage' failed! (403: Forbidden: user is deactivated)
✅ Sent to 6405771695
✅ Sent to 7702499664
❌ Failed for 7695455896: Call to 'sendMessage' failed! (403: Forbidden: user is deactivated)
✅ Sent to 7616860217
❌ Failed for 6630364978: Call to 'sendMessage' failed! (403: Forbidden: bot was blocked by the user)
✅ Chunk done. Total success: 132
✅ Sent to 7614819350
❌ Failed for 5797331087: Call to 'sendMessage' failed! (403: Forbidden: user is deactivated)
❌ Failed for 5920923925: Call to 'sendMessage' failed! (403: Forbidden: bot was blocked by the user)
✅ Sent to 7779023396
✅ Sent to 7662905792
✅ Sent to 5187689844
❌ Failed for 6212197559: Call to 'sendMessage' failed! (403: Forbidden: bot was blocked by the user)
✅ Sent to 7722013840
✅ Sent to 7503129916
❌ Failed for 7090382134: Call to 'sendMessage' failed! (403: Forbidden: bot was blocked by the user)
❌ Failed for 6847626609: Call to 'sendMessage' failed! (403: Forbidden: bot was blocked by the user)
❌ Failed for 7794636218: Call to 'sendMessage' failed! (403: Forbidden: bot was blocked by the user)
✅ Sent to 7885987101
✅ Sent to 7898341511
❌ Failed for 7740482376: Call to 'sendMessage' failed! (403: Forbidden: bot was blocked by the user)
✅ Sent to 7876311690
✅ Sent to 7378989313
✅ Sent to 7359484685
✅ Sent to 7924672388
✅ Sent to 7966480457
✅ Chunk done. Total success: 145
❌ Failed for 7831604620: Call to 'sendMessage' failed! (403: Forbidden: bot was blocked by the user)
❌ Failed for 8011079985: Call to 'sendMessage' failed! (403: Forbidden: bot was blocked by the user)
❌ Failed for 7933966269: Call to 'sendMessage' failed! (403: Forbidden: bot was blocked by the user)
✅ Sent to 7973175758
✅ Sent to 6613734823
❌ Failed for 8192744351: Call to 'sendMessage' failed! (403: Forbidden: bot was blocked by the user)
❌ Failed for 8167942125: Call to 'sendMessage' failed! (403: Forbidden: user is deactivated)
❌ Failed for 6918449687: Call to 'sendMessage' failed! (403: Forbidden: bot was blocked by the user)
✅ Sent to 7799907986
✅ Sent to 8144152140
❌ Failed for 8051749663: Call to 'sendMessage' failed! (403: Forbidden: bot was blocked by the user)
✅ Sent to 8179579864
✅ Sent to 7347849113
✅ Sent to 7551850937
✅ Sent to 7345069102
✅ Sent to 7637665533
❌ Failed for 5650555943: Call to 'sendMessage' failed! (403: Forbidden: bot was blocked by the user)
❌ Failed for 5520481858: Call to 'sendMessage' failed! (403: Forbidden: bot was blocked by the user)
✅ Sent to 7182861262
❌ Failed for 7998465228: Call to 'sendMessage' failed! (403: Forbidden: user is deactivated)
✅ Chunk done. Total success: 155
✅ Sent to 1283143799
✅ Sent to 6356450511
✅ Sent to 7925182069
❌ Failed for 5567722714: Call to 'sendMessage' failed! (403: Forbidden: bot was blocked by the user)
✅ Sent to 5290170332
✅ Sent to 7622277044
✅ Sent to 5995376021
❌ Failed for 7891338162: Call to 'sendMessage' failed! (403: Forbidden: bot was blocked by the user)
❌ Failed for 7727310583: Call to 'sendMessage' failed! (403: Forbidden: bot was blocked by the user)
✅ Sent to 7562713556
❌ Failed for 7933754246: Call to 'sendMessage' failed! (403: Forbidden: bot was blocked by the user)
❌ Failed for 7635282841: Call to 'sendMessage' failed! (403: Forbidden: user is deactivated)
✅ Sent to 5035961051
✅ Sent to 6829978989
✅ Sent to 8097985841
✅ Sent to 7819661871
✅ Sent to 7616525243
❌ Failed for 6453629905: Call to 'sendMessage' failed! (403: Forbidden: bot was blocked by the user)
❌ Failed for 7238776995: Call to 'sendMessage' failed! (403: Forbidden: bot was blocked by the user)
✅ Sent to 7288759754
✅ Chunk done. Total success: 168
❌ Failed for 7398996782: Call to 'sendMessage' failed! (403: Forbidden: user is deactivated)
✅ Sent to 6174059669
✅ Sent to 7970256324
✅ Sent to 6544066358
✅ Sent to 7616897471
✅ Sent to 1612984056
❌ Failed for 7018910966: Call to 'sendMessage' failed! (403: Forbidden: user is deactivated)
❌ Failed for 5718561695: Call to 'sendMessage' failed! (403: Forbidden: bot was blocked by the user)
✅ Sent to 7854043902
❌ Failed for 6687289422: Call to 'sendMessage' failed! (403: Forbidden: bot was blocked by the user)
❌ Failed for 7158750775: Call to 'sendMessage' failed! (403: Forbidden: bot was blocked by the user)
✅ Sent to 5896031071
✅ Sent to 5743356191
✅ Sent to 7105266961
❌ Failed for 7942071669: Call to 'sendMessage' failed! (403: Forbidden: bot was blocked by the user)
✅ Sent to 6368165759
❌ Failed for 1139690244: Call to 'sendMessage' failed! (403: Forbidden: bot was blocked by the user)
✅ Sent to 5264788805
❌ Failed for 6943986714: Call to 'sendMessage' failed! (403: Forbidden: bot was blocked by the user)
✅ Sent to 7217583754
✅ Chunk done. Total success: 180
❌ Failed for 6134804762: Call to 'sendMessage' failed! (403: Forbidden: bot was blocked by the user)
✅ Sent to 8092339543
❌ Failed for 6932994913: Call to 'sendMessage' failed! (403: Forbidden: bot was blocked by the user)
❌ Failed for 803546856: Call to 'sendMessage' failed! (403: Forbidden: bot was blocked by the user)
❌ Failed for 1413310431: Call to 'sendMessage' failed! (403: Forbidden: bot was blocked by the user)
❌ Failed for 634578553: Call to 'sendMessage' failed! (403: Forbidden: bot was blocked by the user)
❌ Failed for 928680474: Call to 'sendMessage' failed! (403: Forbidden: bot was blocked by the user)
✅ Sent to 1377302378
❌ Failed for 6653605623: Call to 'sendMessage' failed! (403: Forbidden: bot was blocked by the user)
✅ Sent to 6903343396
✅ Sent to 5853081333
✅ Sent to 6769364937
✅ Sent to 7345424369
✅ Sent to 5304462785
✅ Sent to 1743629901
✅ Sent to 1890594245
✅ Sent to 7522135497
❌ Failed for 6888708692: Call to 'sendMessage' failed! (403: Forbidden: bot was blocked by the user)
✅ Sent to 5146344824
❌ Failed for 7112342330: Call to 'sendMessage' failed! (403: Forbidden: bot was blocked by the user)
✅ Chunk done. Total success: 191
❌ Failed for 1028805530: Call to 'sendMessage' failed! (403: Forbidden: bot was blocked by the user)
✅ Sent to 6549502949
✅ Sent to 7988551691
❌ Failed for 7691752537: Call to 'sendMessage' failed! (403: Forbidden: user is deactivated)
❌ Failed for 6549894410: Call to 'sendMessage' failed! (403: Forbidden: bot was blocked by the user)
❌ Failed for 5381284157: Call to 'sendMessage' failed! (403: Forbidden: bot was blocked by the user)
✅ Sent to 7021053668
✅ Sent to 7017012690
❌ Failed for 2050942025: Call to 'sendMessage' failed! (403: Forbidden: bot was blocked by the user)
❌ Failed for 7122096382: Call to 'sendMessage' failed! (403: Forbidden: bot was blocked by the user)
❌ Failed for 5299469939: Call to 'sendMessage' failed! (403: Forbidden: bot was blocked by the user)
✅ Sent to 7918390522
✅ Sent to 7090489776
✅ Sent to 8146621685
❌ Failed for 7708943670: Call to 'sendMessage' failed! (403: Forbidden: bot was blocked by the user)
✅ Sent to 6716060395
❌ Failed for 7914927854: Call to 'sendMessage' failed! (403: Forbidden: user is deactivated)
✅ Sent to 7014857054
❌ Failed for 6492811798: Call to 'sendMessage' failed! (403: Forbidden: bot was blocked by the user)
✅ Sent to 7185541338
✅ Chunk done. Total success: 201
✅ Sent to 6259968561
✅ Sent to 7990364920
✅ Sent to 7407915816
✅ Sent to 6452684320
❌ Failed for 5196552140: Call to 'sendMessage' failed! (403: Forbidden: bot was blocked by the user)
✅ Sent to 7723690444
❌ Failed for 7709999662: Call to 'sendMessage' failed! (403: Forbidden: bot was blocked by the user)
❌ Failed for 1069388457: Call to 'sendMessage' failed! (403: Forbidden: bot was blocked by the user)
✅ Sent to 6700268567
❌ Failed for 5932020700: Call to 'sendMessage' failed! (403: Forbidden: bot was blocked by the user)
✅ Sent to 6430179683
❌ Failed for 979943080: Call to 'sendMessage' failed! (403: Forbidden: user is deactivated)
✅ Sent to 5924446004
✅ Sent to 5451389196
❌ Failed for 5764959932: Call to 'sendMessage' failed! (403: Forbidden: bot was blocked by the user)
✅ Sent to 5971601370
❌ Failed for 7818673391: Call to 'sendMessage' failed! (403: Forbidden: user is deactivated)
❌ Failed for 5478498538: Call to 'sendMessage' failed! (403: Forbidden: bot was blocked by the user)
✅ Sent to 6733091567
✅ Sent to 5758012260
✅ Chunk done. Total success: 213
